[2166070] Using port 4461
Server waiting for client
Connected player with UUID Blue-Perpentine
Assigned index 1
Server waiting for client
Connected player with UUID Green-Perpentine
Assigned index 2
Server waiting for client
Connected player with UUID Purple-Perpentine
Assigned index 3
Server waiting for client
Connected player with UUID Red
Assigned index 0
[2170326] Processing the map...
[2170547] Initializing controllers...
[2170550] Initializing the game...
[0] Red (Comm open) - sending GET_READY...
[0] Red (Comm open) - Ready!
[1] Blue-Perpentine (Comm open) - sending GET_READY...
[1] Blue-Perpentine (Comm open) - Ready!
[2] Green-Perpentine (Comm open) - sending GET_READY...
[2] Green-Perpentine (Comm open) - Ready!
[3] Purple-Perpentine (Comm open) - sending GET_READY...
[3] Purple-Perpentine (Comm open) - Ready!
[2171314] Turn number: 0
[2171315] ----------------------------------------------------
[2171960] Turn number: 1
[2171961] ----------------------------------------------------
[2172593] Turn number: 2
[2172593] ----------------------------------------------------
[2173267] Turn number: 3
[2173267] ----------------------------------------------------
[2173927] Turn number: 4
[2173927] ----------------------------------------------------
